# JRE version: OpenJDK Runtime Environment (21.0.3) (build 21.0.3+-12282718-b509.11)
# Java VM: OpenJDK 64-Bit Server VM (21.0.3+-12282718-b509.11, mixed mode, tiered, compressed oops, compressed class ptrs, g1 gc, windows-amd64)
GC Precious Log:
 CardTable entry size: 512
 Card Set container configuration: InlinePtr #cards 5 size 8 Array Of Cards #cards 12 size 40 Howl #buckets 4 coarsen threshold 1843 Howl Bitmap #cards 512 size 80 coarsen threshold 460 Card regions per heap region 1 cards per card region 2048
 CPUs: 8 total, 8 available
 Memory: 3836M
 Large Page Support: Disabled
 NUMA Support: Disabled
 Compressed Oops: Enabled (32-bit)
 Heap Region Size: 1M
 Heap Min Capacity: 8M
 Heap Initial Capacity: 60M
 Heap Max Capacity: 2G
 Pre-touch: Disabled
 Parallel Workers: 8
 Concurrent Workers: 2
 Concurrent Refinement Workers: 8
 Periodic GC: Disabled
Heap:
 garbage-first heap   total 368640K, used 218653K [0x0000000080000000, 0x0000000100000000)
  region size 1024K, 9 young (9216K), 5 survivors (5120K)
 Metaspace       used 177062K, committed 179648K, reserved 1245184K
  class space    used 22728K, committed 24000K, reserved 1048576K
GC Heap History (20 events):
Event: 93.849 GC heap before
{Heap before GC invocations=53 (full 0):
 garbage-first heap   total 254976K, used 243878K [0x0000000080000000, 0x0000000100000000)
  region size 1024K, 84 young (86016K), 11 survivors (11264K)
 Metaspace       used 141465K, committed 143744K, reserved 1179648K
  class space    used 18172K, committed 19328K, reserved 1048576K
}
Event: 93.880 GC heap after
{Heap after GC invocations=54 (full 0):
 garbage-first heap   total 276480K, used 163151K [0x0000000080000000, 0x0000000100000000)
  region size 1024K, 11 young (11264K), 11 survivors (11264K)
 Metaspace       used 141465K, committed 143744K, reserved 1179648K
  class space    used 18172K, committed 19328K, reserved 1048576K
}
Event: 93.915 GC heap before
{Heap before GC invocations=54 (full 0):
 garbage-first heap   total 276480K, used 167247K [0x0000000080000000, 0x0000000100000000)
  region size 1024K, 16 young (16384K), 11 survivors (11264K)
 Metaspace       used 141473K, committed 143744K, reserved 1179648K
  class space    used 18172K, committed 19328K, reserved 1048576K
}
Event: 93.926 GC heap after
{Heap after GC invocations=55 (full 0):
 garbage-first heap   total 276480K, used 166643K [0x0000000080000000, 0x0000000100000000)
  region size 1024K, 2 young (2048K), 2 survivors (2048K)
 Metaspace       used 141473K, committed 143744K, reserved 1179648K
  class space    used 18172K, committed 19328K, reserved 1048576K
}
Event: 95.131 GC heap before
{Heap before GC invocations=56 (full 0):
 garbage-first heap   total 334848K, used 247539K [0x0000000080000000, 0x0000000100000000)
  region size 1024K, 74 young (75776K), 2 survivors (2048K)
 Metaspace       used 142987K, committed 145216K, reserved 1179648K
  class space    used 18302K, committed 19392K, reserved 1048576K
}
Event: 95.144 GC heap after
{Heap after GC invocations=57 (full 0):
 garbage-first heap   total 334848K, used 181248K [0x0000000080000000, 0x0000000100000000)
  region size 1024K, 10 young (10240K), 10 survivors (10240K)
 Metaspace       used 142987K, committed 145216K, reserved 1179648K
  class space    used 18302K, committed 19392K, reserved 1048576K
}
Event: 99.015 GC heap before
{Heap before GC invocations=57 (full 0):
 garbage-first heap   total 334848K, used 292864K [0x0000000080000000, 0x0000000100000000)
  region size 1024K, 114 young (116736K), 10 survivors (10240K)
 Metaspace       used 153292K, committed 155648K, reserved 1245184K
  class space    used 19537K, committed 20736K, reserved 1048576K
}
Event: 99.030 GC heap after
{Heap after GC invocations=58 (full 0):
 garbage-first heap   total 334848K, used 194364K [0x0000000080000000, 0x0000000100000000)
  region size 1024K, 9 young (9216K), 9 survivors (9216K)
 Metaspace       used 153292K, committed 155648K, reserved 1245184K
  class space    used 19537K, committed 20736K, reserved 1048576K
}
Event: 101.413 GC heap before
{Heap before GC invocations=58 (full 0):
 garbage-first heap   total 334848K, used 296764K [0x0000000080000000, 0x0000000100000000)
  region size 1024K, 108 young (110592K), 9 survivors (9216K)
 Metaspace       used 161706K, committed 164096K, reserved 1245184K
  class space    used 20653K, committed 21824K, reserved 1048576K
}
Event: 101.428 GC heap after
{Heap after GC invocations=59 (full 0):
 garbage-first heap   total 334848K, used 191940K [0x0000000080000000, 0x0000000100000000)
  region size 1024K, 6 young (6144K), 6 survivors (6144K)
 Metaspace       used 161706K, committed 164096K, reserved 1245184K
  class space    used 20653K, committed 21824K, reserved 1048576K
}
Event: 101.759 GC heap before
{Heap before GC invocations=59 (full 0):
 garbage-first heap   total 334848K, used 207300K [0x0000000080000000, 0x0000000100000000)
  region size 1024K, 22 young (22528K), 6 survivors (6144K)
 Metaspace       used 162759K, committed 165184K, reserved 1245184K
  class space    used 20793K, committed 22016K, reserved 1048576K
}
Event: 101.766 GC heap after
{Heap after GC invocations=60 (full 0):
 garbage-first heap   total 334848K, used 192252K [0x0000000080000000, 0x0000000100000000)
  region size 1024K, 6 young (6144K), 6 survivors (6144K)
 Metaspace       used 162759K, committed 165184K, reserved 1245184K
  class space    used 20793K, committed 22016K, reserved 1048576K
}
Event: 103.883 GC heap before
{Heap before GC invocations=61 (full 0):
 garbage-first heap   total 334848K, used 308988K [0x0000000080000000, 0x0000000100000000)
  region size 1024K, 117 young (119808K), 6 survivors (6144K)
 Metaspace       used 163928K, committed 166272K, reserved 1245184K
  class space    used 20967K, committed 22144K, reserved 1048576K
}
Event: 103.935 GC heap after
{Heap after GC invocations=62 (full 0):
 garbage-first heap   total 334848K, used 207956K [0x0000000080000000, 0x0000000100000000)
  region size 1024K, 15 young (15360K), 15 survivors (15360K)
 Metaspace       used 163928K, committed 166272K, reserved 1245184K
  class space    used 20967K, committed 22144K, reserved 1048576K
}
Event: 107.874 GC heap before
{Heap before GC invocations=62 (full 0):
 garbage-first heap   total 334848K, used 301140K [0x0000000080000000, 0x0000000100000000)
  region size 1024K, 106 young (108544K), 15 survivors (15360K)
 Metaspace       used 167583K, committed 169984K, reserved 1245184K
  class space    used 21220K, committed 22400K, reserved 1048576K
}
Event: 107.904 GC heap after
{Heap after GC invocations=63 (full 0):
 garbage-first heap   total 334848K, used 210231K [0x0000000080000000, 0x0000000100000000)
  region size 1024K, 11 young (11264K), 11 survivors (11264K)
 Metaspace       used 167583K, committed 169984K, reserved 1245184K
  class space    used 21220K, committed 22400K, reserved 1048576K
}
Event: 108.836 GC heap before
{Heap before GC invocations=63 (full 0):
 garbage-first heap   total 334848K, used 239927K [0x0000000080000000, 0x0000000100000000)
  region size 1024K, 41 young (41984K), 11 survivors (11264K)
 Metaspace       used 169933K, committed 172416K, reserved 1245184K
  class space    used 21542K, committed 22784K, reserved 1048576K
}
Event: 108.900 GC heap after
{Heap after GC invocations=64 (full 0):
 garbage-first heap   total 334848K, used 213409K [0x0000000080000000, 0x0000000100000000)
  region size 1024K, 3 young (3072K), 3 survivors (3072K)
 Metaspace       used 169933K, committed 172416K, reserved 1245184K
  class space    used 21542K, committed 22784K, reserved 1048576K
}
Event: 111.842 GC heap before
{Heap before GC invocations=65 (full 0):
 garbage-first heap   total 368640K, used 310689K [0x0000000080000000, 0x0000000100000000)
  region size 1024K, 97 young (99328K), 3 survivors (3072K)
 Metaspace       used 176905K, committed 179520K, reserved 1245184K
  class space    used 22701K, committed 24000K, reserved 1048576K
}
Event: 111.856 GC heap after
{Heap after GC invocations=66 (full 0):
 garbage-first heap   total 368640K, used 215581K [0x0000000080000000, 0x0000000100000000)
  region size 1024K, 5 young (5120K), 5 survivors (5120K)
 Metaspace       used 176905K, committed 179520K, reserved 1245184K
  class space    used 22701K, committed 24000K, reserved 1048576K
}

